#-----------------------------------------------------------
# Vivado v2018.3 (64-bit)
# SW Build 2405991 on Thu Dec  6 23:36:41 MST 2018
# IP Build 2404404 on Fri Dec  7 01:43:56 MST 2018
# Start of session at: Thu Oct 17 15:14:44 2019
# Process ID: 28886
# Current directory: /afs/inf.ed.ac.uk/user/s17/s1740055/CArD/prac2/proj
# Command line: vivado
# Log file: /afs/inf.ed.ac.uk/user/s17/s1740055/CArD/prac2/proj/vivado.log
# Journal file: /afs/inf.ed.ac.uk/user/s17/s1740055/CArD/prac2/proj/vivado.jou
#-----------------------------------------------------------
start_gui
source create_project.tcl
# set proj_name "RV32IM_PYNQ_Z2"
# if {[info exists ::create_path]} {
# 	set dest_dir $::create_path
# } else {
# 	set dest_dir [file normalize [file dirname [info script]]]
# }
# puts "INFO: Creating new project in $dest_dir"
INFO: Creating new project in /afs/inf.ed.ac.uk/user/s17/s1740055/CArD/prac2/proj
# cd $dest_dir
# set part "xc7z020clg400-1"
# set brd_part "tul.com.tw:pynq-z2:part0:1.0"
# set origin_dir ".."
# set orig_proj_dir "[file normalize "$origin_dir/proj"]"
# set src_dir $origin_dir/src
# set repo_dir $origin_dir/repo
# set_param board.repoPaths "[file normalize "$repo_dir/board_files"]"
# create_project -force $proj_name $dest_dir
INFO: [IP_Flow 19-234] Refreshing IP repositories
INFO: [IP_Flow 19-1704] No user IP repositories specified
INFO: [IP_Flow 19-2313] Loaded Vivado IP repository '/disk/scratch/Xilinx/Vivado/2018.3/data/ip'.
create_project: Time (s): cpu = 00:00:15 ; elapsed = 00:00:09 . Memory (MB): peak = 6654.344 ; gain = 130.117 ; free physical = 5166 ; free virtual = 20878
# set proj_dir [get_property directory [current_project]]
# set obj [get_projects $proj_name]
# set_property "default_lib" "xil_defaultlib" $obj
# set_property "part" $part $obj
# set_property "board_part" $brd_part $obj
# set_property "simulator_language" "Mixed" $obj
# set_property "target_language" "Verilog" $obj
# if {[string equal [get_filesets -quiet sources_1] ""]} {
#   create_fileset -srcset sources_1
# }
# if {[string equal [get_filesets -quiet sources_2] ""]} {
#   create_fileset -srcset sources_2
# }
# if {[string equal [get_filesets -quiet constrs_1] ""]} {
#   create_fileset -constrset constrs_1
# }
# if {[string equal [get_filesets -quiet sim_1] ""]} {
#   create_fileset -srcset sim_1
# }
# set obj [get_filesets sources_1]
# add_files -quiet $src_dir/inc
# set_property "FILE_TYPE" "Verilog Header" [get_files -of_objects $obj]
# set obj [get_filesets sources_2]
# set_property "ip_repo_paths" "[file normalize $repo_dir]" $obj
# update_ip_catalog -rebuild
INFO: [IP_Flow 19-234] Refreshing IP repositories
INFO: [IP_Flow 19-1700] Loaded user IP repository '/afs/inf.ed.ac.uk/user/s17/s1740055/CArD/prac2/repo'.
# add_files -quiet $src_dir/hdl
# add_files -quiet [glob -nocomplain ../src/ip/*.xci]
# add_files -quiet [glob -nocomplain ../src/ip/*.xcix]
# add_files -quiet [glob -nocomplain ../src/ip/*/*.xci]
# add_files -quiet [glob -nocomplain ../src/ip/*/*.xcix]
# add_files -fileset constrs_1 -quiet $src_dir/constraints
# add_files -fileset sim_1 -quiet $src_dir/sim
# add_files -quiet [glob -nocomplain ../src/others/*.hex]
# set obj [get_files *.hex]
# set_property "FILE_TYPE" "MEMORY INITIALIZATION FILES" $obj
# if {[string equal [get_runs -quiet synth_1] ""]} {
#   create_run -name synth_1 -part $part -flow {Vivado Synthesis 2015} -strategy "Vivado Synthesis Defaults" -constrset constrs_1
# } else {
#   set_property strategy "Vivado Synthesis Defaults" [get_runs synth_1]
#   set_property flow "Vivado Synthesis 2015" [get_runs synth_1]
# }
# set obj [get_runs synth_1]
# set_property "part" $part $obj
# set_property "steps.synth_design.args.flatten_hierarchy" "none" $obj
# set_property "steps.synth_design.args.directive" "RuntimeOptimized" $obj
# set_property "steps.synth_design.args.fsm_extraction" "off" $obj
# current_run -synthesis [get_runs synth_1]
# if {[string equal [get_runs -quiet impl_1] ""]} {
#   create_run -name impl_1 -part $part -flow {Vivado Implementation 2015} -strategy "Vivado Implementation Defaults" -constrset constrs_1 -parent_run synth_1
# } else {
#   set_property strategy "Vivado Implementation Defaults" [get_runs impl_1]
#   set_property flow "Vivado Implementation 2015" [get_runs impl_1]
# }
# set obj [get_runs impl_1]
# set_property "part" $part $obj
# set_property "steps.opt_design.args.directive"   "RuntimeOptimized" $obj
# set_property "steps.place_design.args.directive" "RuntimeOptimized" $obj
# set_property "steps.route_design.args.directive" "RuntimeOptimized" $obj
# current_run -implementation [get_runs impl_1]
# puts "INFO: Project created:$proj_name"
INFO: Project created:RV32IM_PYNQ_Z2
# set bd_list [glob -nocomplain $src_dir/bd/*/*.bd]
# if {[llength $bd_list] != 0} {
#   add_files -norecurse -quiet -fileset sources_1 [glob -nocomplain $src_dir/bd/*/*.bd]
#   open_bd_design [glob -nocomplain $src_dir/bd/*/*.bd]
#   set design_name [get_bd_designs]
#   set file "$origin_dir/src/bd/$design_name/$design_name.bd"
#   set file [file normalize $file]
#   set file_obj [get_files -of_objects [get_filesets sources_1] [list "*$file"]]
#   if { ![get_property "is_locked" $file_obj] } {
#     set_property "synth_checkpoint_mode" "Hierarchical" $file_obj
#   }
#  
#   # Generate the wrapper 
#   set design_name [get_bd_designs]
#   add_files -norecurse [make_wrapper -files [get_files $design_name.bd] -top -force]
# 
#   set obj [get_filesets sources_1]
#   set_property "top" "${design_name}_wrapper" $obj
# }
# set sdk_dir $origin_dir/sdk
# set hw_list [glob -nocomplain $sdk_dir/*hw_platform*]
# if {[llength $hw_list] != 0} {
#   foreach hw_plat $hw_list {
# 	file delete -force $hw_plat
#   }
# }
# delete_fileset sources_2
# set sdk_list [glob -nocomplain $sdk_dir/*]
# set sdk_list [lsearch -inline -all -not -exact $sdk_list "../sdk/.keep"]
# if {[llength $sdk_list] != 0} {
# 	exec xsct -eval "setws -switch ../sdk; importproject ../sdk"
# }
# set_property -name {xsim.simulate.runtime} -value {100us} -objects [get_filesets sim_1]
update_compile_order -fileset sources_1
update_compile_order -fileset sim_1
update_compile_order -fileset sources_1
launch_simulation
INFO: [Vivado 12-5698] Checking validity of IPs in the design for the 'XSim' simulator...
INFO: [Vivado 12-5682] Launching behavioral simulation in '/afs/inf.ed.ac.uk/user/s17/s1740055/CArD/prac2/proj/RV32IM_PYNQ_Z2.sim/sim_1/behav/xsim'
INFO: [Vivado 12-4795] Using compiled simulation libraries for IPs
INFO: [SIM-utils-51] Simulation object is 'sim_1'
INFO: [USF-XSim-7] Finding pre-compiled libraries...
INFO: [USF-XSim-11] File '/afs/inf.ed.ac.uk/group/teaching/cd/VivadoData/Vivado/2018.3/data/xsim/xsim.ini' copied to run dir:'/afs/inf.ed.ac.uk/user/s17/s1740055/CArD/prac2/proj/RV32IM_PYNQ_Z2.sim/sim_1/behav/xsim'
INFO: [SIM-utils-54] Inspecting design source files for 'tb' in fileset 'sim_1'...
INFO: [SIM-utils-43] Exported '/afs/inf.ed.ac.uk/user/s17/s1740055/CArD/prac2/proj/RV32IM_PYNQ_Z2.sim/sim_1/behav/xsim/deps_test.hex'
INFO: [SIM-utils-43] Exported '/afs/inf.ed.ac.uk/user/s17/s1740055/CArD/prac2/proj/RV32IM_PYNQ_Z2.sim/sim_1/behav/xsim/mbrot.hex'
INFO: [USF-XSim-97] Finding global include files...
INFO: [USF-XSim-98] Fetching design files from 'sim_1'...
INFO: [USF-XSim-2] XSim::Compile design
INFO: [USF-XSim-61] Executing 'COMPILE and ANALYZE' step in '/afs/inf.ed.ac.uk/user/s17/s1740055/CArD/prac2/proj/RV32IM_PYNQ_Z2.sim/sim_1/behav/xsim'
xvlog --incr --relax -prj tb_vlog.prj
INFO: [VRFC 10-2263] Analyzing Verilog file "/afs/inf.ed.ac.uk/user/s17/s1740055/CArD/prac2/src/ip/rv32im_rm_0/rv32im_rm_0_sim_netlist.v" into library xil_defaultlib
INFO: [VRFC 10-311] analyzing module rv32im_rm_0
INFO: [VRFC 10-311] analyzing module rv32im_rm_0_control_unit
INFO: [VRFC 10-311] analyzing module rv32im_rm_0_rv32im_ref
INFO: [VRFC 10-311] analyzing module glbl
INFO: [VRFC 10-2263] Analyzing Verilog file "/afs/inf.ed.ac.uk/user/s17/s1740055/CArD/prac2/src/ip/rv32im_alu_0/rv32im_alu_0_sim_netlist.v" into library xil_defaultlib
INFO: [VRFC 10-311] analyzing module rv32im_alu_0
INFO: [VRFC 10-311] analyzing module rv32im_alu_0_alu
INFO: [VRFC 10-2263] Analyzing Verilog file "/afs/inf.ed.ac.uk/user/s17/s1740055/CArD/prac2/src/ip/video_clock_gen/video_clock_gen_clk_wiz.v" into library xil_defaultlib
INFO: [VRFC 10-311] analyzing module video_clock_gen_clk_wiz
INFO: [VRFC 10-2263] Analyzing Verilog file "/afs/inf.ed.ac.uk/user/s17/s1740055/CArD/prac2/src/ip/video_clock_gen/video_clock_gen.v" into library xil_defaultlib
INFO: [VRFC 10-311] analyzing module video_clock_gen
INFO: [VRFC 10-2263] Analyzing Verilog file "/afs/inf.ed.ac.uk/user/s17/s1740055/CArD/prac2/src/ip/cpu_clock_gen/cpu_clock_gen_clk_wiz.v" into library xil_defaultlib
INFO: [VRFC 10-311] analyzing module cpu_clock_gen_clk_wiz
INFO: [VRFC 10-2263] Analyzing Verilog file "/afs/inf.ed.ac.uk/user/s17/s1740055/CArD/prac2/src/ip/cpu_clock_gen/cpu_clock_gen.v" into library xil_defaultlib
INFO: [VRFC 10-311] analyzing module cpu_clock_gen
INFO: [VRFC 10-2263] Analyzing Verilog file "/afs/inf.ed.ac.uk/user/s17/s1740055/CArD/prac2/src/hdl/branch_cache.v" into library xil_defaultlib
INFO: [VRFC 10-311] analyzing module branch_cache
INFO: [VRFC 10-2263] Analyzing Verilog file "/afs/inf.ed.ac.uk/user/s17/s1740055/CArD/prac2/src/hdl/branch_predictor.v" into library xil_defaultlib
INFO: [VRFC 10-311] analyzing module branch_predictor
INFO: [VRFC 10-2263] Analyzing Verilog file "/afs/inf.ed.ac.uk/user/s17/s1740055/CArD/prac2/src/hdl/bypass_or_stall.v" into library xil_defaultlib
INFO: [VRFC 10-311] analyzing module bypass_or_stall
INFO: [VRFC 10-2263] Analyzing Verilog file "/afs/inf.ed.ac.uk/user/s17/s1740055/CArD/prac2/src/hdl/cpu.v" into library xil_defaultlib
INFO: [VRFC 10-311] analyzing module cpu
INFO: [VRFC 10-2263] Analyzing Verilog file "/afs/inf.ed.ac.uk/user/s17/s1740055/CArD/prac2/src/hdl/csr_unit.v" into library xil_defaultlib
INFO: [VRFC 10-311] analyzing module control_unit
INFO: [VRFC 10-2263] Analyzing Verilog file "/afs/inf.ed.ac.uk/user/s17/s1740055/CArD/prac2/src/hdl/dccm_ram.v" into library xil_defaultlib
INFO: [VRFC 10-311] analyzing module dccm_ram
INFO: [VRFC 10-2263] Analyzing Verilog file "/afs/inf.ed.ac.uk/user/s17/s1740055/CArD/prac2/src/hdl/decoder.v" into library xil_defaultlib
INFO: [VRFC 10-311] analyzing module decoder
INFO: [VRFC 10-2263] Analyzing Verilog file "/afs/inf.ed.ac.uk/user/s17/s1740055/CArD/prac2/src/hdl/divider.v" into library xil_defaultlib
INFO: [VRFC 10-311] analyzing module divider
INFO: [VRFC 10-2263] Analyzing Verilog file "/afs/inf.ed.ac.uk/user/s17/s1740055/CArD/prac2/src/hdl/dvi_display.v" into library xil_defaultlib
INFO: [VRFC 10-311] analyzing module dvi_display
INFO: [VRFC 10-2263] Analyzing Verilog file "/afs/inf.ed.ac.uk/user/s17/s1740055/CArD/prac2/src/hdl/exec_unit.v" into library xil_defaultlib
INFO: [VRFC 10-311] analyzing module exec_unit
INFO: [VRFC 10-2263] Analyzing Verilog file "/afs/inf.ed.ac.uk/user/s17/s1740055/CArD/prac2/src/hdl/fetch_unit.v" into library xil_defaultlib
INFO: [VRFC 10-311] analyzing module fetch_unit
INFO: [VRFC 10-2263] Analyzing Verilog file "/afs/inf.ed.ac.uk/user/s17/s1740055/CArD/prac2/src/hdl/frame_buffer.v" into library xil_defaultlib
INFO: [VRFC 10-311] analyzing module frame_buffer
INFO: [VRFC 10-2263] Analyzing Verilog file "/afs/inf.ed.ac.uk/user/s17/s1740055/CArD/prac2/src/hdl/msec_timer.v" into library xil_defaultlib
INFO: [VRFC 10-311] analyzing module msec_timer
INFO: [VRFC 10-2263] Analyzing Verilog file "/afs/inf.ed.ac.uk/user/s17/s1740055/CArD/prac2/src/hdl/predictor_state.v" into library xil_defaultlib
INFO: [VRFC 10-311] analyzing module predictor_state
INFO: [VRFC 10-2263] Analyzing Verilog file "/afs/inf.ed.ac.uk/user/s17/s1740055/CArD/prac2/src/hdl/ras.v" into library xil_defaultlib
INFO: [VRFC 10-311] analyzing module ras
INFO: [VRFC 10-2263] Analyzing Verilog file "/afs/inf.ed.ac.uk/user/s17/s1740055/CArD/prac2/src/hdl/regfile.v" into library xil_defaultlib
INFO: [VRFC 10-311] analyzing module regfile
INFO: [VRFC 10-2263] Analyzing Verilog file "/afs/inf.ed.ac.uk/user/s17/s1740055/CArD/prac2/src/hdl/resync.v" into library xil_defaultlib
INFO: [VRFC 10-311] analyzing module resync
INFO: [VRFC 10-2263] Analyzing Verilog file "/afs/inf.ed.ac.uk/user/s17/s1740055/CArD/prac2/src/hdl/ssd_driver.v" into library xil_defaultlib
INFO: [VRFC 10-311] analyzing module ssd_driver
INFO: [VRFC 10-2263] Analyzing Verilog file "/afs/inf.ed.ac.uk/user/s17/s1740055/CArD/prac2/src/hdl/store_queue.v" into library xil_defaultlib
INFO: [VRFC 10-311] analyzing module store_queue
INFO: [VRFC 10-2263] Analyzing Verilog file "/afs/inf.ed.ac.uk/user/s17/s1740055/CArD/prac2/src/hdl/top.v" into library xil_defaultlib
INFO: [VRFC 10-311] analyzing module top
INFO: [VRFC 10-2263] Analyzing Verilog file "/afs/inf.ed.ac.uk/user/s17/s1740055/CArD/prac2/src/hdl/vga_control.v" into library xil_defaultlib
INFO: [VRFC 10-311] analyzing module vga_control
INFO: [VRFC 10-2263] Analyzing Verilog file "/afs/inf.ed.ac.uk/user/s17/s1740055/CArD/prac2/src/sim/tb.v" into library xil_defaultlib
INFO: [VRFC 10-311] analyzing module tb
INFO: [VRFC 10-2263] Analyzing Verilog file "/afs/inf.ed.ac.uk/user/s17/s1740055/CArD/prac2/proj/RV32IM_PYNQ_Z2.sim/sim_1/behav/xsim/glbl.v" into library xil_defaultlib
INFO: [VRFC 10-311] analyzing module glbl
WARNING: [VRFC 10-3609] overwriting previous definition of module 'glbl' [/afs/inf.ed.ac.uk/user/s17/s1740055/CArD/prac2/proj/RV32IM_PYNQ_Z2.sim/sim_1/behav/xsim/glbl.v:6]
xvhdl --incr --relax -prj tb_vhdl.prj
INFO: [VRFC 10-163] Analyzing VHDL file "/afs/inf.ed.ac.uk/user/s17/s1740055/CArD/prac2/proj/RV32IM_PYNQ_Z2.ip_user_files/ipstatic/src/ClockGen.vhd" into library xil_defaultlib
INFO: [VRFC 10-3107] analyzing entity 'ClockGen'
INFO: [VRFC 10-163] Analyzing VHDL file "/afs/inf.ed.ac.uk/user/s17/s1740055/CArD/prac2/proj/RV32IM_PYNQ_Z2.ip_user_files/ipstatic/src/SyncAsync.vhd" into library xil_defaultlib
INFO: [VRFC 10-3107] analyzing entity 'SyncAsync'
INFO: [VRFC 10-163] Analyzing VHDL file "/afs/inf.ed.ac.uk/user/s17/s1740055/CArD/prac2/proj/RV32IM_PYNQ_Z2.ip_user_files/ipstatic/src/SyncAsyncReset.vhd" into library xil_defaultlib
INFO: [VRFC 10-3107] analyzing entity 'ResetBridge'
INFO: [VRFC 10-163] Analyzing VHDL file "/afs/inf.ed.ac.uk/user/s17/s1740055/CArD/prac2/proj/RV32IM_PYNQ_Z2.ip_user_files/ipstatic/src/DVI_Constants.vhd" into library xil_defaultlib
INFO: [VRFC 10-163] Analyzing VHDL file "/afs/inf.ed.ac.uk/user/s17/s1740055/CArD/prac2/proj/RV32IM_PYNQ_Z2.ip_user_files/ipstatic/src/OutputSERDES.vhd" into library xil_defaultlib
INFO: [VRFC 10-3107] analyzing entity 'OutputSERDES'
INFO: [VRFC 10-163] Analyzing VHDL file "/afs/inf.ed.ac.uk/user/s17/s1740055/CArD/prac2/proj/RV32IM_PYNQ_Z2.ip_user_files/ipstatic/src/TMDS_Encoder.vhd" into library xil_defaultlib
INFO: [VRFC 10-3107] analyzing entity 'TMDS_Encoder'
INFO: [VRFC 10-163] Analyzing VHDL file "/afs/inf.ed.ac.uk/user/s17/s1740055/CArD/prac2/proj/RV32IM_PYNQ_Z2.ip_user_files/ipstatic/src/rgb2dvi.vhd" into library xil_defaultlib
INFO: [VRFC 10-3107] analyzing entity 'rgb2dvi'
INFO: [VRFC 10-163] Analyzing VHDL file "/afs/inf.ed.ac.uk/user/s17/s1740055/CArD/prac2/src/ip/rgb2dvi_0/sim/rgb2dvi_0.vhd" into library xil_defaultlib
INFO: [VRFC 10-3107] analyzing entity 'rgb2dvi_0'
run_program: Time (s): cpu = 00:00:03 ; elapsed = 00:00:08 . Memory (MB): peak = 6788.445 ; gain = 0.000 ; free physical = 4818 ; free virtual = 20699
INFO: [USF-XSim-69] 'compile' step finished in '9' seconds
INFO: [USF-XSim-3] XSim::Elaborate design
INFO: [USF-XSim-61] Executing 'ELABORATE' step in '/afs/inf.ed.ac.uk/user/s17/s1740055/CArD/prac2/proj/RV32IM_PYNQ_Z2.sim/sim_1/behav/xsim'
Vivado Simulator 2018.3
Copyright 1986-1999, 2001-2018 Xilinx, Inc. All Rights Reserved.
Running: /disk/scratch/Xilinx/Vivado/2018.3/bin/unwrapped/lnx64.o/xelab -wto 5609d05913e04a43889072397dbd2570 --incr --debug typical --relax --mt 8 -L xil_defaultlib -L unisims_ver -L unimacro_ver -L secureip -L xpm --snapshot tb_behav xil_defaultlib.tb xil_defaultlib.glbl -log elaborate.log 
Using 8 slave threads.
Starting static elaboration
Completed static elaboration
Starting simulation data flow analysis
Completed simulation data flow analysis
Time Resolution for simulation is 1ps
Compiling package std.standard
Compiling package std.textio
Compiling package ieee.std_logic_1164
Compiling package ieee.numeric_std
Compiling package unisim.vcomponents
Compiling package ieee.std_logic_arith
Compiling package ieee.vital_timing
Compiling package ieee.vital_primitives
Compiling package unisim.vpkg
Compiling package xil_defaultlib.dvi_constants
Compiling module xil_defaultlib.ssd_driver
Compiling module xil_defaultlib.resync
Compiling module unisims_ver.IBUF
Compiling module unisims_ver.MMCME2_ADV(CLKFBOUT_MULT_F=39.0,...
Compiling module unisims_ver.BUFG
Compiling module xil_defaultlib.cpu_clock_gen_clk_wiz
Compiling module xil_defaultlib.cpu_clock_gen
Compiling module unisims_ver.MMCME2_ADV(CLKFBOUT_MULT_F=40.0,...
Compiling module xil_defaultlib.video_clock_gen_clk_wiz
Compiling module xil_defaultlib.video_clock_gen
Compiling module xil_defaultlib.branch_cache_default
Compiling module xil_defaultlib.predictor_state_default
Compiling module xil_defaultlib.ras_default
Compiling module xil_defaultlib.branch_predictor_default
Compiling module xil_defaultlib.fetch_unit
Compiling module xil_defaultlib.decoder
Compiling module xil_defaultlib.regfile
Compiling module unisims_ver.OBUF
Compiling module unisims_ver.LUT6
Compiling module unisims_ver.CARRY4
Compiling module unisims_ver.LUT5
Compiling module unisims_ver.LUT4
Compiling module unisims_ver.x_lut3_mux8
Compiling module unisims_ver.LUT3
Compiling module unisims_ver.x_lut2_mux4
Compiling module unisims_ver.LUT2
Compiling module xil_defaultlib.rv32im_alu_0_alu
Compiling module xil_defaultlib.rv32im_alu_0
Compiling module xil_defaultlib.divider
Compiling module xil_defaultlib.bypass_or_stall
Compiling module xil_defaultlib.store_queue
Compiling module xil_defaultlib.dccm_ram
Compiling module xil_defaultlib.exec_unit
Compiling module xil_defaultlib.control_unit
Compiling module xil_defaultlib.cpu
Compiling module xil_defaultlib.vga_control
Compiling module xil_defaultlib.frame_buffer_default
Compiling architecture behavioral of entity xil_defaultlib.TMDS_Encoder [tmds_encoder_default]
Compiling architecture behavioral of entity xil_defaultlib.SyncAsync [\SyncAsync(kresetto='1')\]
Compiling architecture behavioral of entity xil_defaultlib.ResetBridge [resetbridge_default]
Compiling architecture obufds_v of entity unisim.OBUFDS [\OBUFDS(iostandard="TMDS_33")(1,...]
Compiling secureip modules ...
Compiling architecture oserdese2_v of entity unisim.OSERDESE2 [\OSERDESE2(data_rate_tq="SDR",da...]
Compiling architecture oserdese2_v of entity unisim.OSERDESE2 [\OSERDESE2(data_rate_tq="SDR",da...]
Compiling architecture behavioral of entity xil_defaultlib.OutputSERDES [outputserdes_default]
Compiling architecture behavioral of entity xil_defaultlib.rgb2dvi [\rgb2dvi(kgenerateserialclk=fals...]
Compiling architecture rgb2dvi_0_arch of entity xil_defaultlib.rgb2dvi_0 [rgb2dvi_0_default]
Compiling module xil_defaultlib.msec_timer
Compiling module xil_defaultlib.dvi_display
Compiling module xil_defaultlib.top
Compiling module unisims_ver.OBUFT
Compiling module unisims_ver.x_lut1_mux2
Compiling module unisims_ver.LUT1
Compiling module unisims_ver.MUXF7
Compiling module unisims_ver.FDCE_default
Compiling module unisims_ver.DSP48E1(ACASCREG=0,ALUMODEREG=0,...
Compiling module unisims_ver.MUXF8
Compiling module xil_defaultlib.rv32im_rm_0_control_unit
Compiling module xil_defaultlib.rv32im_rm_0_rv32im_ref
Compiling module xil_defaultlib.rv32im_rm_0
Compiling module xil_defaultlib.tb
Compiling module xil_defaultlib.glbl
Built simulation snapshot tb_behav

****** Webtalk v2018.3 (64-bit)
  **** SW Build 2405991 on Thu Dec  6 23:36:41 MST 2018
  **** IP Build 2404404 on Fri Dec  7 01:43:56 MST 2018
    ** Copyright 1986-2018 Xilinx, Inc. All Rights Reserved.

source /afs/inf.ed.ac.uk/user/s17/s1740055/CArD/prac2/proj/RV32IM_PYNQ_Z2.sim/sim_1/behav/xsim/xsim.dir/tb_behav/webtalk/xsim_webtalk.tcl -notrace
INFO: [Common 17-186] '/afs/inf.ed.ac.uk/user/s17/s1740055/CArD/prac2/proj/RV32IM_PYNQ_Z2.sim/sim_1/behav/xsim/xsim.dir/tb_behav/webtalk/usage_statistics_ext_xsim.xml' has been successfully sent to Xilinx on Thu Oct 17 15:27:15 2019. For additional details about this file, please refer to the WebTalk help file at /disk/scratch/Xilinx/Vivado/2018.3/doc/webtalk_introduction.html.
INFO: [Common 17-206] Exiting Webtalk at Thu Oct 17 15:27:15 2019...
run_program: Time (s): cpu = 00:00:25 ; elapsed = 00:00:26 . Memory (MB): peak = 6788.445 ; gain = 0.000 ; free physical = 4503 ; free virtual = 20672
INFO: [USF-XSim-69] 'elaborate' step finished in '26' seconds
INFO: [USF-XSim-4] XSim::Simulate design
INFO: [USF-XSim-61] Executing 'SIMULATE' step in '/afs/inf.ed.ac.uk/user/s17/s1740055/CArD/prac2/proj/RV32IM_PYNQ_Z2.sim/sim_1/behav/xsim'
INFO: [USF-XSim-98] *** Running xsim
   with args "tb_behav -key {Behavioral:sim_1:Functional:tb} -tclbatch {tb.tcl} -view {/afs/inf.ed.ac.uk/user/s17/s1740055/CArD/prac2/src/sim/tb_waves.wcfg} -log {simulate.log}"
INFO: [USF-XSim-8] Loading simulator feature
Vivado Simulator 2018.3
Time resolution is 1 ps
open_wave_config /afs/inf.ed.ac.uk/user/s17/s1740055/CArD/prac2/src/sim/tb_waves.wcfg
source tb.tcl
# set curr_wave [current_wave_config]
# if { [string length $curr_wave] == 0 } {
#   if { [llength [get_objects]] > 0} {
#     add_wave /
#     set_property needs_save false [current_wave_config]
#   } else {
#      send_msg_id Add_Wave-1 WARNING "No top level signals found. Simulator will start without a wave window. If you want to open a wave window go to 'File->New Waveform Configuration' or type 'create_wave_config' in the TCL console."
#   }
# }
# run 100us
Warning: NUMERIC_STD."=": metavalue detected, returning FALSE
Time: 4 ns  Iteration: 2  Process: /tb/dut/u_dvi_display/u_rgb2dvi/U0/\DataEncoders(0)\/DataEncoder/line__154  File: /afs/inf.ed.ac.uk/user/s17/s1740055/CArD/prac2/proj/RV32IM_PYNQ_Z2.ip_user_files/ipstatic/src/TMDS_Encoder.vhd
Warning: NUMERIC_STD."=": metavalue detected, returning FALSE
Time: 4 ns  Iteration: 2  Process: /tb/dut/u_dvi_display/u_rgb2dvi/U0/\DataEncoders(1)\/DataEncoder/line__154  File: /afs/inf.ed.ac.uk/user/s17/s1740055/CArD/prac2/proj/RV32IM_PYNQ_Z2.ip_user_files/ipstatic/src/TMDS_Encoder.vhd
Warning: NUMERIC_STD."=": metavalue detected, returning FALSE
Time: 4 ns  Iteration: 2  Process: /tb/dut/u_dvi_display/u_rgb2dvi/U0/\DataEncoders(2)\/DataEncoder/line__154  File: /afs/inf.ed.ac.uk/user/s17/s1740055/CArD/prac2/proj/RV32IM_PYNQ_Z2.ip_user_files/ipstatic/src/TMDS_Encoder.vhd
Warning: NUMERIC_STD."=": metavalue detected, returning FALSE
Time: 3758662 ps  Iteration: 2  Process: /tb/dut/u_dvi_display/u_rgb2dvi/U0/\DataEncoders(0)\/DataEncoder/line__154  File: /afs/inf.ed.ac.uk/user/s17/s1740055/CArD/prac2/proj/RV32IM_PYNQ_Z2.ip_user_files/ipstatic/src/TMDS_Encoder.vhd
Warning: NUMERIC_STD."=": metavalue detected, returning FALSE
Time: 3758662 ps  Iteration: 2  Process: /tb/dut/u_dvi_display/u_rgb2dvi/U0/\DataEncoders(1)\/DataEncoder/line__154  File: /afs/inf.ed.ac.uk/user/s17/s1740055/CArD/prac2/proj/RV32IM_PYNQ_Z2.ip_user_files/ipstatic/src/TMDS_Encoder.vhd
Warning: NUMERIC_STD."=": metavalue detected, returning FALSE
Time: 3758662 ps  Iteration: 2  Process: /tb/dut/u_dvi_display/u_rgb2dvi/U0/\DataEncoders(2)\/DataEncoder/line__154  File: /afs/inf.ed.ac.uk/user/s17/s1740055/CArD/prac2/proj/RV32IM_PYNQ_Z2.ip_user_files/ipstatic/src/TMDS_Encoder.vhd
     199 x.x 0x00000000             sp <= 00003000
     200  8.0 0x00000004             sp <= 00000000
[        200] Error: wrong result written. Expected to write 0x00003000, but wrote 0x00000000
Testbench detected faulty CPU behaviour, terminating simulation early

$finish called at time : 5200332 ps : File "/afs/inf.ed.ac.uk/user/s17/s1740055/CArD/prac2/src/sim/tb.v" Line 630
INFO: [USF-XSim-96] XSim completed. Design snapshot 'tb_behav' loaded.
INFO: [USF-XSim-97] XSim simulation ran for 100us
launch_simulation: Time (s): cpu = 00:00:37 ; elapsed = 00:00:42 . Memory (MB): peak = 6850.957 ; gain = 62.512 ; free physical = 4375 ; free virtual = 20577
close_sim
INFO: [Simtcl 6-16] Simulation closed
close_sim: Time (s): cpu = 00:00:05 ; elapsed = 00:00:05 . Memory (MB): peak = 6864.727 ; gain = 0.000 ; free physical = 4524 ; free virtual = 20722
update_compile_order -fileset sources_1
close_project
exit
INFO: [Common 17-206] Exiting Vivado at Thu Oct 17 16:09:34 2019...
