Vivado Simulator 2018.3
Time resolution is 1 ps
Warning: NUMERIC_STD."=": metavalue detected, returning FALSE
Time: 4 ns  Iteration: 2  Process: /tb/dut/u_dvi_display/u_rgb2dvi/U0/\DataEncoders(0)\/DataEncoder/line__154  File: E:/Xilinx/Vivado/New folder/prac2/proj/RV32IM_PYNQ_Z2.ip_user_files/ipstatic/src/TMDS_Encoder.vhd
Warning: NUMERIC_STD."=": metavalue detected, returning FALSE
Time: 4 ns  Iteration: 2  Process: /tb/dut/u_dvi_display/u_rgb2dvi/U0/\DataEncoders(1)\/DataEncoder/line__154  File: E:/Xilinx/Vivado/New folder/prac2/proj/RV32IM_PYNQ_Z2.ip_user_files/ipstatic/src/TMDS_Encoder.vhd
Warning: NUMERIC_STD."=": metavalue detected, returning FALSE
Time: 4 ns  Iteration: 2  Process: /tb/dut/u_dvi_display/u_rgb2dvi/U0/\DataEncoders(2)\/DataEncoder/line__154  File: E:/Xilinx/Vivado/New folder/prac2/proj/RV32IM_PYNQ_Z2.ip_user_files/ipstatic/src/TMDS_Encoder.vhd
Warning: NUMERIC_STD."=": metavalue detected, returning FALSE
Time: 3758662 ps  Iteration: 2  Process: /tb/dut/u_dvi_display/u_rgb2dvi/U0/\DataEncoders(0)\/DataEncoder/line__154  File: E:/Xilinx/Vivado/New folder/prac2/proj/RV32IM_PYNQ_Z2.ip_user_files/ipstatic/src/TMDS_Encoder.vhd
Warning: NUMERIC_STD."=": metavalue detected, returning FALSE
Time: 3758662 ps  Iteration: 2  Process: /tb/dut/u_dvi_display/u_rgb2dvi/U0/\DataEncoders(1)\/DataEncoder/line__154  File: E:/Xilinx/Vivado/New folder/prac2/proj/RV32IM_PYNQ_Z2.ip_user_files/ipstatic/src/TMDS_Encoder.vhd
Warning: NUMERIC_STD."=": metavalue detected, returning FALSE
Time: 3758662 ps  Iteration: 2  Process: /tb/dut/u_dvi_display/u_rgb2dvi/U0/\DataEncoders(2)\/DataEncoder/line__154  File: E:/Xilinx/Vivado/New folder/prac2/proj/RV32IM_PYNQ_Z2.ip_user_files/ipstatic/src/TMDS_Encoder.vhd
     199 x.x 0x00000000             sp <= 00003000
     200  8.0 0x00000004             sp <= 00003000
     203  4.0 0x00000008             sp <= 00002ffc
     204  3.2 0x0000000c             ra <= 00000010
     209  3.8 0x00000014             sp <= 00002fd4
     210  3.3 0x00000018             a5 <= 00002fd4
     211  3.0 0x0000001c             a4 <= 0000038f
     212  2.7 0x00000020               mem[00000fd4] <= 0000038f
     213  2.5 0x00000024             a1 <= 0000000a
     214  2.4 0x00000028             t1 <= 00000000
     215  2.2 0x0000002c             fp <= 000004d2
     216  2.1 0x00000030             s1 <= 00000224
     217  2.0 0x00000034             s2 <= 00001000
     218  2.0 0x00000038             s2 <= 00000911
     219  1.9 0x0000003c             s3 <= 000003b4
     220  1.8 0x00000040             s4 <= 00000306
     221  1.8 0x00000044             s5 <= 000001b0
     222  1.7 0x00000048             fp <= 00136864
     223  1.7 0x0000004c             s1 <= 002192f4
     224  1.6 0x00000050             s2 <= 000b3238
     225  1.6 0x00000054             s3 <= 00051a20
     226  1.6 0x00000058             s4 <= 00000000
     227  1.5 0x0000005c             s5 <= 00000000
     228  1.5 0x00000060             fp <= 0034fb58
     229  1.5 0x00000064             s2 <= ffd636e0
     231  1.5 0x00000068             s3 <= 0031e178
     232  1.5 0x0000006c             s4 <= 0034fb58
     233  1.5 0x00000070             s5 <= ffcb04a8
     234  1.5 0x00000074             fp <= 00568e4c
     235  1.4 0x00000078             s2 <= 0080576c
     237  1.5 0x0000007c             s3 <= 00676f34
     238  1.4 0x00000080             s4 <= 008b89a4
     239  1.4 0x00000084             s5 <= 008b89a4
     240  1.4 0x00000088             fp <= 0000038f
     243  1.5 0x0000008c             s2 <= 008053dd
     244  1.4 0x00000090             s3 <= 00676cbb
     245  1.4 0x00000094             s4 <= 008b8d33
     246  1.4 0x00000098             s5 <= 008b8615
     247  1.4 0x0000009c             fp <= 0000038f
     250  1.4 0x000000a0             s2 <= ff7fafb2
     251  1.4 0x000000a4             s3 <= 00676f34
     252  1.4 0x000000a8             s4 <= 008b90c2
     253  1.4 0x000000ac             s5 <= ff747d7a
     254  1.4 0x000000b0             fp <= 00219683
     255  1.4 0x000000b4             fp <= 00a1e6d1
     258  1.4 0x000000b8             s3 <= 00c689e5
     259  1.4 0x000000bc             s6 <= 00c379c5
     260  1.4 0x000000c0             s6 <= 0143ca13
     263  1.4 0x000000c4             s3 <= 018543f6
     264  1.4 0x000000c8             fp <= 00c379c5
     265  1.4 0x000000cc             fp <= 0143ca13
     268  1.4 0x000000d0             fp <= 01cf5ad5
     269  1.4 0x000000d4             s3 <= 004a1923
     271  1.4 0x000000d8             fp <= 01f0edc9
     272  1.4 0x000000dc             fp <= 02713e17
     275  1.5 0x000000e0             fp <= 02fcced9
     276  1.4 0x000000e4             s3 <= 02b6d7fa
     277  1.4 0x000000e8             s4 <= 0000038f
     280  1.5 0x000000ec             s1 <= 00219683
     281  1.5 0x000000f0             s2 <= ff7fac23
     282  1.4 0x000000f4             s3 <= 02b6d475
     283  1.4 0x000000f8             s4 <= 0000038f
     286  1.5 0x000000fc             s1 <= 00219a12
     287  1.5 0x00000100             s2 <= 0080576c
     288  1.4 0x00000104             s3 <= 02b6d7fa
     289  1.4 0x00000108             s5 <= 0000038f
     290  1.4 0x0000010c             t0 <= 00000000
     292  1.4 0x00000110             s1 <= 00219da1
     293  1.4 0x00000114             s2 <= 008053dd
     294  1.4 0x00000118             s3 <= 02b6d475
     295  1.4 0x0000011c             s5 <= 0000038f
     296  1.4 0x00000120             t0 <= 00000000
     298  1.4 0x00000124             s1 <= 0021a130
     299  1.4 0x00000128             s2 <= ff7fafb2
     300  1.4 0x0000012c             s3 <= 02b6d7fa
     301  1.4 0x00000130             t1 <= 00000001
     302  1.4 0x00000134               
     307  1.4 0x00000048             fp <= db61e360
     308  1.4 0x0000004c             s1 <= 0bcc11d4
     309  1.4 0x00000050             s2 <= a8aa92a6
     310  1.4 0x00000054             s3 <= 000ca9e1
     311  1.4 0x00000058             s4 <= 803c199d
     312  1.4 0x0000005c             s5 <= 67cda020
     313  1.4 0x00000060             fp <= e72df534
     314  1.4 0x00000064             s2 <= c17c9d72
     316  1.4 0x00000068             s3 <= e7215cd5
     317  1.4 0x0000006c             s4 <= 676a0ed1
     318  1.4 0x00000070             s5 <= 809faaec
     319  1.4 0x00000074             fp <= f2fa0708
     320  1.4 0x00000078             s2 <= 317d6996
     322  1.4 0x0000007c             s3 <= 15db5bdd
     323  1.4 0x00000080             s4 <= 5a6415d9
     324  1.4 0x00000084             s5 <= 725a5c1c
     325  1.4 0x00000088             fp <= 0000038f
     328  1.4 0x0000008c             s2 <= 317d6607
     329  1.4 0x00000090             s3 <= 15db5852
     330  1.4 0x00000094             s4 <= 5a641968
     331  1.4 0x00000098             s5 <= 725a588d
     332  1.4 0x0000009c             fp <= 0000038f
     335  1.4 0x000000a0             s2 <= ce829d88
     336  1.4 0x000000a4             s3 <= 15db5bdd
     337  1.4 0x000000a8             s4 <= 5a641cf7
     338  1.4 0x000000ac             s5 <= 8da5ab02
     339  1.4 0x000000b0             fp <= 0bcc1563
     340  1.4 0x000000b4             fp <= 3d4977db
     343  1.4 0x000000b8             s3 <= 28922c06
     344  1.4 0x000000bc             s6 <= 491589af
     345  1.4 0x000000c0             s6 <= 7a92ec27
     348  1.4 0x000000c4             s3 <= 5200c021
     349  1.4 0x000000c8             fp <= 491589af
     350  1.4 0x000000cc             fp <= 7a92ec27
     353  1.4 0x000000d0             fp <= d4f7091e
     354  1.4 0x000000d4             s3 <= 86f7c93f
     356  1.4 0x000000d8             fp <= e0c31af2
     357  1.4 0x000000dc             fp <= 12407d6a
     360  1.4 0x000000e0             fp <= 6ca49a61
     361  1.4 0x000000e4             s3 <= ea53535e
     362  1.4 0x000000e8             s4 <= 0000038f
     365  1.4 0x000000ec             s1 <= 0bcc1563
     366  1.4 0x000000f0             s2 <= ce8299f9
     367  1.4 0x000000f4             s3 <= ea5350d1
     368  1.4 0x000000f8             s4 <= 0000038f
     371  1.4 0x000000fc             s1 <= 0bcc18f2
     372  1.4 0x00000100             s2 <= 317d6996
     373  1.4 0x00000104             s3 <= ea53535e
     374  1.4 0x00000108             s5 <= 0000038f
     375  1.4 0x0000010c             t0 <= 00000000
     377  1.4 0x00000110             s1 <= 0bcc1c81
     378  1.4 0x00000114             s2 <= 317d6607
     379  1.4 0x00000118             s3 <= ea5350d1
     380  1.4 0x0000011c             s5 <= 0000038f
     381  1.4 0x00000120             t0 <= 00000000
     383  1.4 0x00000124             s1 <= 0bcc2010
     384  1.4 0x00000128             s2 <= ce829d88
     385  1.4 0x0000012c             s3 <= ea53535e
     386  1.4 0x00000130             t1 <= 00000002
     387  1.4 0x00000134               
     388  1.4 0x00000048             fp <= 9c3ad880
     389  1.4 0x0000004c             s1 <= 9020eff0
     390  1.4 0x00000050             s2 <= de85ab82
     391  1.4 0x00000054             s3 <= 000ca9e1
     392  1.4 0x00000058             s4 <= 30d65ec9
     393  1.4 0x0000005c             s5 <= 858cfb80
     394  1.4 0x00000060             fp <= 2c5bc870
     395  1.4 0x00000064             s2 <= b229e312
     397  1.4 0x00000068             s3 <= 2c576191
     398  1.4 0x0000006c             s4 <= 5d322739
     399  1.4 0x00000070             s5 <= 59313310
     400  1.4 0x00000074             fp <= bc7cb860
     401  1.3 0x00000078             s2 <= 0a52d54e
     403  1.4 0x0000007c             s3 <= 902bd9f1
     404  1.4 0x00000080             s4 <= 19aedf99
     405  1.3 0x00000084             s5 <= 634b8550
     406  1.3 0x00000088             fp <= 0000038f
     409  1.4 0x0000008c             s2 <= 0a52d1bf
     410  1.4 0x00000090             s3 <= 902bda7e
     411  1.4 0x00000094             s4 <= 19aee328
     412  1.3 0x00000098             s5 <= 634b81c1
     413  1.3 0x0000009c             fp <= 0000038f
     416  1.4 0x000000a0             s2 <= f5ad31d0
     417  1.4 0x000000a4             s3 <= 902bd9f1
     418  1.4 0x000000a8             s4 <= 19aee6b7
     419  1.3 0x000000ac             s5 <= 9cb481ce
     420  1.3 0x000000b0             fp <= 9020f37f
     421  1.3 0x000000b4             fp <= 9a73c1af
     424  1.4 0x000000b8             s3 <= 0a58185e
     425  1.4 0x000000bc             s6 <= 2a94b19f
     426  1.3 0x000000c0             s6 <= 34e77fcf
     429  1.4 0x000000c4             s3 <= 3ebf6791
     430  1.4 0x000000c8             fp <= 2a94b19f
     431  1.4 0x000000cc             fp <= 34e77fcf
     434  1.4 0x000000d0             fp <= 4e966686
     435  1.4 0x000000d4             s3 <= 70290117
     437  1.4 0x000000d8             fp <= deb75676
     438  1.4 0x000000dc             fp <= e90a24a6
     441  1.4 0x000000e0             fp <= 02b90b5d
     442  1.4 0x000000e4             s3 <= 72900a4a
     443  1.4 0x000000e8             s4 <= 0000038f
     446  1.4 0x000000ec             s1 <= 9020f37f
     447  1.4 0x000000f0             s2 <= f5ad2e41
     448  1.4 0x000000f4             s3 <= 729009c5
     449  1.4 0x000000f8             s4 <= 0000038f
     452  1.4 0x000000fc             s1 <= 9020f70e
     453  1.4 0x00000100             s2 <= 0a52d54e
     454  1.4 0x00000104             s3 <= 72900a4a
     455  1.4 0x00000108             s5 <= 0000038f
     456  1.4 0x0000010c             t0 <= 00000000
     458  1.4 0x00000110             s1 <= 9020fa9d
     459  1.4 0x00000114             s2 <= 0a52d1bf
     460  1.4 0x00000118             s3 <= 729009c5
     461  1.4 0x0000011c             s5 <= 0000038f
     462  1.4 0x00000120             t0 <= 00000000
     464  1.4 0x00000124             s1 <= 9020fe2c
     465  1.4 0x00000128             s2 <= f5ad31d0
     466  1.4 0x0000012c             s3 <= 72900a4a
     467  1.4 0x00000130             t1 <= 00000003
     468  1.4 0x00000134               
     469  1.4 0x00000048             fp <= 4b30efc0
     470  1.3 0x0000004c             s1 <= 6d028620
     471  1.3 0x00000050             s2 <= ae949d56
     472  1.3 0x00000054             s3 <= 000ca9e1
     473  1.3 0x00000058             s4 <= 43cfd1a1
     474  1.3 0x0000005c             s5 <= 69c21c40
     475  1.3 0x00000060             fp <= b83375e0
     476  1.3 0x00000064             s2 <= f6612776
     478  1.3 0x00000068             s3 <= b83fdc01
     479  1.3 0x0000006c             s4 <= fc034781
     480  1.3 0x00000070             s5 <= b18ea660
     481  1.3 0x00000074             fp <= 2535fc00
     482  1.3 0x00000078             s2 <= 2ed4d48a
     484  1.3 0x0000007c             s3 <= 9d0a2001
     485  1.3 0x00000080             s4 <= 21394381
     486  1.3 0x00000084             s5 <= 73a755a0
     487  1.3 0x00000088             fp <= 0000038f
     490  1.3 0x0000008c             s2 <= 2ed4d0fb
     491  1.3 0x00000090             s3 <= 9d0a238e
     492  1.3 0x00000094             s4 <= 21394710
     493  1.3 0x00000098             s5 <= 73a75211
     494  1.3 0x0000009c             fp <= 0000038f
     497  1.3 0x000000a0             s2 <= d12b3294
     498  1.3 0x000000a4             s3 <= 9d0a2001
     499  1.3 0x000000a8             s4 <= 21394a9f
     500  1.3 0x000000ac             s5 <= 8c58b17e
     501  1.3 0x000000b0             fp <= 6d0289af
     502  1.3 0x000000b4             fp <= 9bd7571b
     505  1.3 0x000000b8             s3 <= 06dd771a
     506  1.3 0x000000bc             s6 <= 08d9dd3b
     507  1.3 0x000000c0             s6 <= 37aeaaa7
     510  1.3 0x000000c4             s3 <= 3173ddbd
     511  1.3 0x000000c8             fp <= 08d9dd3b
     512  1.3 0x000000cc             fp <= 37aeaaa7
     515  1.3 0x000000d0             fp <= 58e7f546
     516  1.3 0x000000d4             s3 <= 699428fb
     518  1.3 0x000000d8             fp <= c5ea7b66
     519  1.3 0x000000dc             fp <= f4bf48d2
     522  1.4 0x000000e0             fp <= 15f89371
     523  1.3 0x000000e4             s3 <= 7c6cbb8a
     524  1.3 0x000000e8             s4 <= 0000038f
     527  1.4 0x000000ec             s1 <= 6d0289af
     528  1.4 0x000000f0             s2 <= d12b2f05
     529  1.4 0x000000f4             s3 <= 7c6cb805
     530  1.3 0x000000f8             s4 <= 0000038f
     533  1.4 0x000000fc             s1 <= 6d028d3e
     534  1.4 0x00000100             s2 <= 2ed4d48a
     535  1.4 0x00000104             s3 <= 7c6cbb8a
     536  1.4 0x00000108             s5 <= 0000038f
     537  1.3 0x0000010c             t0 <= 00000000
     539  1.4 0x00000110             s1 <= 6d0290cd
     540  1.3 0x00000114             s2 <= 2ed4d0fb
     541  1.3 0x00000118             s3 <= 7c6cb805
     542  1.3 0x0000011c             s5 <= 0000038f
     543  1.3 0x00000120             t0 <= 00000000
     545  1.3 0x00000124             s1 <= 6d02945c
     546  1.3 0x00000128             s2 <= d12b3294
     547  1.3 0x0000012c             s3 <= 7c6cbb8a
     548  1.3 0x00000130             t1 <= 00000004
     549  1.3 0x00000134               
     550  1.3 0x00000048             fp <= 8debbd30
     551  1.3 0x0000004c             s1 <= 55ab5fc8
     552  1.3 0x00000050             s2 <= c6ef6016
     553  1.3 0x00000054             s3 <= 000ca9e1
     554  1.3 0x00000058             s4 <= 26914849
     555  1.3 0x0000005c             s5 <= 070a4a50
     556  1.3 0x00000060             fp <= e3971cf8
     557  1.3 0x00000064             s2 <= e358431e
     559  1.3 0x00000068             s3 <= e39bb519
     560  1.3 0x0000006c             s4 <= 0a286541
     561  1.3 0x00000070             s5 <= 23732d58
     562  1.3 0x00000074             fp <= 39427cc0
     563  1.3 0x00000078             s2 <= 55ea39a2
     565  1.3 0x0000007c             s3 <= dad9c9d9
     566  1.3 0x00000080             s4 <= 436ae201
     567  1.3 0x00000084             s5 <= 15cf4f68
     568  1.3 0x00000088             fp <= 0000038f
     571  1.3 0x0000008c             s2 <= 55ea3613
     572  1.3 0x00000090             s3 <= dad9ca56
     573  1.3 0x00000094             s4 <= 436ae590
     574  1.3 0x00000098             s5 <= 15cf4bd9
     575  1.3 0x0000009c             fp <= 0000038f
     578  1.3 0x000000a0             s2 <= aa15cd7c
     579  1.3 0x000000a4             s3 <= dad9c9d9
     580  1.3 0x000000a8             s4 <= 436ae91f
     581  1.3 0x000000ac             s5 <= ea30b7b6
     582  1.3 0x000000b0             fp <= 55ab6357
     583  1.3 0x000000b4             fp <= ab9595db
     586  1.3 0x000000b8             s3 <= 714c5c02
     587  1.3 0x000000bc             s6 <= 0140f5a3
     588  1.3 0x000000c0             s6 <= 572b2827
     591  1.3 0x000000c4             s3 <= 26677425
     592  1.3 0x000000c8             fp <= 0140f5a3
     593  1.3 0x000000cc             fp <= 572b2827
     596  1.3 0x000000d0             fp <= 9a961146
     597  1.3 0x000000d4             s3 <= bcf16563
     599  1.3 0x000000d8             fp <= f041710e
     600  1.3 0x000000dc             fp <= 462ba392
     603  1.3 0x000000e0             fp <= 89968cb1
     604  1.3 0x000000e4             s3 <= 3567e9d2
     605  1.3 0x000000e8             s4 <= 0000038f
     608  1.3 0x000000ec             s1 <= 55ab6357
     609  1.3 0x000000f0             s2 <= aa15c9ed
     610  1.3 0x000000f4             s3 <= 3567ea5d
     611  1.3 0x000000f8             s4 <= 0000038f
     614  1.3 0x000000fc             s1 <= 55ab66e6
     615  1.3 0x00000100             s2 <= 55ea39a2
     616  1.3 0x00000104             s3 <= 3567e9d2
     617  1.3 0x00000108             s5 <= 0000038f
     618  1.3 0x0000010c             t0 <= 00000000
     620  1.3 0x00000110             s1 <= 55ab6a75
     621  1.3 0x00000114             s2 <= 55ea3613
     622  1.3 0x00000118             s3 <= 3567ea5d
     623  1.3 0x0000011c             s5 <= 0000038f
     624  1.3 0x00000120             t0 <= 00000000
     626  1.3 0x00000124             s1 <= 55ab6e04
     627  1.3 0x00000128             s2 <= aa15cd7c
     628  1.3 0x0000012c             s3 <= 3567e9d2
     629  1.3 0x00000130             t1 <= 00000005
     630  1.3 0x00000134               
     631  1.3 0x00000048             fp <= 74767df0
     632  1.3 0x0000004c             s1 <= b6cc6bb8
     633  1.3 0x00000050             s2 <= 0cc9124e
     634  1.3 0x00000054             s3 <= 000ca9e1
     635  1.3 0x00000058             s4 <= 3293e2c9
     636  1.3 0x0000005c             s5 <= f90aaf90
     637  1.3 0x00000060             fp <= 2b42e9a8
     638  1.3 0x00000064             s2 <= e18628a6
     640  1.3 0x00000068             s3 <= 2b4e4049
     641  1.3 0x0000006c             s4 <= 5dd6cc71
     642  1.3 0x00000070             s5 <= cdc7c5e8
     643  1.3 0x00000074             fp <= e20f5560
     644  1.3 0x00000078             s2 <= 00892cba
     646  1.3 0x0000007c             s3 <= c9411529
     647  1.3 0x00000080             s4 <= 3fe621d1
     648  1.3 0x00000084             s5 <= 14478f78
     649  1.3 0x00000088             fp <= 0000038f
     652  1.3 0x0000008c             s2 <= 0089292b
     653  1.3 0x00000090             s3 <= c94116a6
     654  1.3 0x00000094             s4 <= 3fe62560
     655  1.3 0x00000098             s5 <= 14478be9
     656  1.3 0x0000009c             fp <= 0000038f
     659  1.3 0x000000a0             s2 <= ff76da64
     660  1.3 0x000000a4             s3 <= c9411529
     661  1.3 0x000000a8             s4 <= 3fe628ef
     662  1.3 0x000000ac             s5 <= ebb877a6
     663  1.3 0x000000b0             fp <= b6cc6f47
     664  1.3 0x000000b4             fp <= b75594e3
     667  1.3 0x000000b8             s3 <= 7e1481ca
     668  1.3 0x000000bc             s6 <= 6e22009b
     669  1.3 0x000000c0             s6 <= 6eab2637
     672  1.3 0x000000c4             s3 <= 10bfa7fd
     673  1.3 0x000000c8             fp <= 6e22009b
     674  1.3 0x000000cc             fp <= 6eab2637
     677  1.3 0x000000d0             fp <= ae914f26
     678  1.3 0x000000d4             s3 <= be2ee8db
     680  1.3 0x000000d8             fp <= 655dbade
     681  1.3 0x000000dc             fp <= 65e6e07a
     684  1.3 0x000000e0             fp <= a5cd0969
     685  1.3 0x000000e4             s3 <= 1be3e1b2
     686  1.3 0x000000e8             s4 <= 0000038f
     689  1.3 0x000000ec             s1 <= b6cc6f47
     690  1.3 0x000000f0             s2 <= ff76d6d5
     691  1.3 0x000000f4             s3 <= 1be3e23d
     692  1.3 0x000000f8             s4 <= 0000038f
     695  1.3 0x000000fc             s1 <= b6cc72d6
     696  1.3 0x00000100             s2 <= 00892cba
     697  1.3 0x00000104             s3 <= 1be3e1b2
     698  1.3 0x00000108             s5 <= 0000038f
     699  1.3 0x0000010c             t0 <= 00000000
     701  1.3 0x00000110             s1 <= b6cc7665
     702  1.3 0x00000114             s2 <= 0089292b
     703  1.3 0x00000118             s3 <= 1be3e23d
     704  1.3 0x0000011c             s5 <= 0000038f
     705  1.3 0x00000120             t0 <= 00000000
     707  1.3 0x00000124             s1 <= b6cc79f4
     708  1.3 0x00000128             s2 <= ff76da64
     709  1.3 0x0000012c             s3 <= 1be3e1b2
     710  1.3 0x00000130             t1 <= 00000006
     711  1.3 0x00000134               
     712  1.3 0x00000048             fp <= ca316b50
     713  1.3 0x0000004c             s1 <= 4941bd88
     714  1.3 0x00000050             s2 <= 3ff0286e
     715  1.3 0x00000054             s3 <= 000ca9e1
     716  1.3 0x00000058             s4 <= d30cfdb9
     717  1.3 0x0000005c             s5 <= d4fbee30
     718  1.3 0x00000060             fp <= 137328d8
     719  1.3 0x00000064             s2 <= 2c7cff96
     721  1.3 0x00000068             s3 <= 137f8139
     722  1.3 0x0000006c             s4 <= e6802691
     723  1.3 0x00000070             s5 <= c188c558
     724  1.3 0x00000074             fp <= 5cb4e660
     725  1.3 0x00000078             s2 <= 3037e6ca
     727  1.3 0x0000007c             s3 <= 4fcb6759
     728  1.3 0x00000080             s4 <= 43350cf1
     729  1.3 0x00000084             s5 <= 9b2c2108
     730  1.3 0x00000088             fp <= 0000038f
     733  1.3 0x0000008c             s2 <= 3037e33b
     734  1.3 0x00000090             s3 <= 4fcb64d6
     735  1.3 0x00000094             s4 <= 43351080
     736  1.3 0x00000098             s5 <= 9b2c1d79
     737  1.3 0x0000009c             fp <= 0000038f
     740  1.3 0x000000a0             s2 <= cfc82054
     741  1.3 0x000000a4             s3 <= 4fcb6759
     742  1.3 0x000000a8             s4 <= 4335140f
     743  1.3 0x000000ac             s5 <= 64d3e616
     744  1.3 0x000000b0             fp <= 4941c117
     745  1.3 0x000000b4             fp <= 7979a0c3
     748  1.3 0x000000b8             s3 <= 36b2c79a
     749  1.3 0x000000bc             s6 <= c2bb5e4b
     750  1.3 0x000000c0             s6 <= f2f33df7
     753  1.3 0x000000c4             s3 <= c441fa6d
     754  1.3 0x000000c8             fp <= c2bb5e4b
     755  1.3 0x000000cc             fp <= f2f33df7
     758  1.3 0x000000d0             fp <= 36285206
     759  1.3 0x000000d4             s3 <= f269a86b
     761  1.3 0x000000d8             fp <= 7f6a0f8e
     762  1.3 0x000000dc             fp <= afa1ef3a
     765  1.3 0x000000e0             fp <= f2d70349
     766  1.3 0x000000e4             s3 <= 00beab22
     767  1.3 0x000000e8             s4 <= 0000038f
     770  1.3 0x000000ec             s1 <= 4941c117
     771  1.3 0x000000f0             s2 <= cfc81cc5
     772  1.3 0x000000f4             s3 <= 00bea8ad
     773  1.3 0x000000f8             s4 <= 0000038f
     776  1.3 0x000000fc             s1 <= 4941c4a6
     777  1.3 0x00000100             s2 <= 3037e6ca
     778  1.3 0x00000104             s3 <= 00beab22
     779  1.3 0x00000108             s5 <= 0000038f
     780  1.3 0x0000010c             t0 <= 00000000
     782  1.3 0x00000110             s1 <= 4941c835
     783  1.3 0x00000114             s2 <= 3037e33b
     784  1.3 0x00000118             s3 <= 00bea8ad
     785  1.3 0x0000011c             s5 <= 0000038f
     786  1.3 0x00000120             t0 <= 00000000
     788  1.3 0x00000124             s1 <= 4941cbc4
     789  1.3 0x00000128             s2 <= cfc82054
     790  1.3 0x0000012c             s3 <= 00beab22
     791  1.3 0x00000130             t1 <= 00000007
     792  1.3 0x00000134               
     793  1.3 0x00000048             fp <= f02f5c50
     794  1.3 0x0000004c             s1 <= 44846728
     795  1.3 0x00000050             s2 <= a682fdfe
     796  1.3 0x00000054             s3 <= 000ca9e1
     797  1.3 0x00000058             s4 <= 8f9981f9
     798  1.3 0x0000005c             s5 <= 46a12130
     799  1.3 0x00000060             fp <= 34b3c378
     800  1.3 0x00000064             s2 <= 71cf3a86
     802  1.3 0x00000068             s3 <= 34bf6a99
     803  1.3 0x0000006c             s4 <= c44d4571
     804  1.3 0x00000070             s5 <= 11ed5db8
     805  1.3 0x00000074             fp <= 79382aa0
     806  1.3 0x00000078             s2 <= 0768f01a
     808  1.3 0x0000007c             s3 <= 4d874039
     809  1.3 0x00000080             s4 <= 3d857011
     810  1.3 0x00000084             s5 <= 674acce8
     811  1.3 0x00000088             fp <= 0000038f
     814  1.3 0x0000008c             s2 <= 0768ec8b
     815  1.3 0x00000090             s3 <= 4d8743b6
     816  1.3 0x00000094             s4 <= 3d8573a0
     817  1.3 0x00000098             s5 <= 674ac959
     818  1.3 0x0000009c             fp <= 0000038f
     821  1.3 0x000000a0             s2 <= f8971704
     822  1.3 0x000000a4             s3 <= 4d874039
     823  1.3 0x000000a8             s4 <= 3d85772f
     824  1.3 0x000000ac             s5 <= 98b53a36
     825  1.3 0x000000b0             fp <= 44846ab7
     826  1.3 0x000000b4             fp <= 4bed53b3
     829  1.3 0x000000b8             s3 <= 066a138a
     830  1.3 0x000000bc             s6 <= 9071badb
     831  1.3 0x000000c0             s6 <= 97daa3d7
     834  1.3 0x000000c4             s3 <= 91b0b05d
     835  1.3 0x000000c8             fp <= 9071badb
     836  1.3 0x000000cc             fp <= 97daa3d7
     839  1.3 0x000000d0             fp <= d5601b06
     840  1.3 0x000000d4             s3 <= 44d0ab5b
     842  1.3 0x000000d8             fp <= 19e4822e
     843  1.3 0x000000dc             fp <= 214d6b2a
     846  1.3 0x000000e0             fp <= 5ed2e259
     847  1.3 0x000000e4             s3 <= 1a024902
     848  1.3 0x000000e8             s4 <= 0000038f
     851  1.3 0x000000ec             s1 <= 44846ab7
     852  1.3 0x000000f0             s2 <= f8971375
     853  1.3 0x000000f4             s3 <= 1a024a8d
     854  1.3 0x000000f8             s4 <= 0000038f
     857  1.3 0x000000fc             s1 <= 44846e46
     858  1.3 0x00000100             s2 <= 0768f01a
     859  1.3 0x00000104             s3 <= 1a024902
     860  1.3 0x00000108             s5 <= 0000038f
     861  1.3 0x0000010c             t0 <= 00000000
     863  1.3 0x00000110             s1 <= 448471d5
     864  1.3 0x00000114             s2 <= 0768ec8b
     865  1.3 0x00000118             s3 <= 1a024a8d
     866  1.3 0x0000011c             s5 <= 0000038f
     867  1.3 0x00000120             t0 <= 00000000
     869  1.3 0x00000124             s1 <= 44847564
     870  1.3 0x00000128             s2 <= f8971704
     871  1.3 0x0000012c             s3 <= 1a024902
     872  1.3 0x00000130             t1 <= 00000008
     873  1.3 0x00000134               
     874  1.3 0x00000048             fp <= 1699d190
     875  1.3 0x0000004c             s1 <= 9cc65208
     876  1.3 0x00000050             s2 <= 8e21ce1e
     877  1.3 0x00000054             s3 <= 000ca9e1
     878  1.3 0x00000058             s4 <= 630d0a19
     879  1.3 0x0000005c             s5 <= 503daff0
     880  1.3 0x00000060             fp <= b3602398
     881  1.3 0x00000064             s2 <= dac1aa86
     883  1.3 0x00000068             s3 <= b36c8a79
     884  1.3 0x0000006c             s4 <= 166d2db1
     885  1.3 0x00000070             s5 <= 9cdd8c58
     886  1.3 0x00000074             fp <= 502675a0
     887  1.3 0x00000078             s2 <= 7564cb1a
     889  1.3 0x0000007c             s3 <= e34affd9
     890  1.3 0x00000080             s4 <= 6693a351
     891  1.3 0x00000084             s5 <= b348e948
     892  1.3 0x00000088             fp <= 0000038f
     895  1.3 0x0000008c             s2 <= 7564c78b
     896  1.3 0x00000090             s3 <= e34afc56
     897  1.3 0x00000094             s4 <= 6693a6e0
     898  1.3 0x00000098             s5 <= b348e5b9
     899  1.3 0x0000009c             fp <= 0000038f
     902  1.3 0x000000a0             s2 <= 8a9b3c04
     903  1.3 0x000000a4             s3 <= e34affd9
     904  1.3 0x000000a8             s4 <= 6693aa6f
     905  1.3 0x000000ac             s5 <= 4cb71dd6
     906  1.3 0x000000b0             fp <= 9cc65597
     907  1.3 0x000000b4             fp <= 122b1993
     910  1.3 0x000000b8             s3 <= f161e64a
     911  1.3 0x000000bc             s6 <= aef16b9b
     912  1.3 0x000000c0             s6 <= 24562f97
     915  1.3 0x000000c4             s3 <= d537c9dd
     916  1.3 0x000000c8             fp <= aef16b9b
     917  1.3 0x000000cc             fp <= 24562f97
     920  1.3 0x000000d0             fp <= 8ae9da06
     921  1.3 0x000000d4             s3 <= 5fde13db
     923  1.3 0x000000d8             fp <= 27b02c0e
     924  1.3 0x000000dc             fp <= 9d14f00a
     927  1.3 0x000000e0             fp <= 03a89a79
     928  1.3 0x000000e4             s3 <= 5c7689a2
     929  1.3 0x000000e8             s4 <= 0000038f
     932  1.3 0x000000ec             s1 <= 9cc65597
     933  1.3 0x000000f0             s2 <= 8a9b3875
     934  1.3 0x000000f4             s3 <= 5c768a2d
     935  1.3 0x000000f8             s4 <= 0000038f
     938  1.3 0x000000fc             s1 <= 9cc65926
     939  1.3 0x00000100             s2 <= 7564cb1a
     940  1.3 0x00000104             s3 <= 5c7689a2
     941  1.3 0x00000108             s5 <= 0000038f
     942  1.3 0x0000010c             t0 <= 00000000
     944  1.3 0x00000110             s1 <= 9cc65cb5
     945  1.3 0x00000114             s2 <= 7564c78b
     946  1.3 0x00000118             s3 <= 5c768a2d
     947  1.3 0x0000011c             s5 <= 0000038f
     948  1.3 0x00000120             t0 <= 00000000
     950  1.3 0x00000124             s1 <= 9cc66044
     951  1.3 0x00000128             s2 <= 8a9b3c04
     952  1.3 0x0000012c             s3 <= 5c7689a2
     953  1.3 0x00000130             t1 <= 00000009
     954  1.3 0x00000134               
     955  1.3 0x00000048             fp <= e2d57110
     956  1.3 0x0000004c             s1 <= e3321e88
     957  1.3 0x00000050             s2 <= 09d3c77e
     958  1.3 0x00000054             s3 <= 000ca9e1
     959  1.3 0x00000058             s4 <= 4eb35a59
     960  1.3 0x0000005c             s5 <= 3707a070
     961  1.3 0x00000060             fp <= c6078f98
     962  1.3 0x00000064             s2 <= 43cc37e6
     964  1.3 0x00000068             s3 <= c60b2679
     965  1.3 0x0000006c             s4 <= 14bae9f1
     966  1.3 0x00000070             s5 <= 710010d8
     967  1.3 0x00000074             fp <= a939ae20
     968  1.3 0x00000078             s2 <= 656d763a
     970  1.3 0x0000007c             s3 <= 6f328859
     971  1.3 0x00000080             s4 <= bdf49811
     972  1.3 0x00000084             s5 <= 38399d48
     973  1.3 0x00000088             fp <= 0000038f
     976  1.3 0x0000008c             s2 <= 656d72ab
     977  1.3 0x00000090             s3 <= 6f328bd6
     978  1.3 0x00000094             s4 <= bdf49ba0
     979  1.3 0x00000098             s5 <= 383999b9
     980  1.3 0x0000009c             fp <= 0000038f
     983  1.3 0x000000a0             s2 <= 9a9290e4
     984  1.3 0x000000a4             s3 <= 6f328859
     985  1.3 0x000000a8             s4 <= bdf49f2f
     986  1.3 0x000000ac             s5 <= c7c669d6
     987  1.3 0x000000b0             fp <= e3322217
     988  1.3 0x000000b4             fp <= 489f9133
     991  1.3 0x000000b8             s3 <= 27ad196a
     992  1.3 0x000000bc             s6 <= 2bd1afbb
     993  1.3 0x000000c0             s6 <= 913f1ed7
     996  1.3 0x000000c4             s3 <= b69207bd
     997  1.3 0x000000c8             fp <= 2bd1afbb
     998  1.3 0x000000cc             fp <= 913f1ed7
    1001  1.3 0x000000d0             fp <= 4f33be06
    1002  1.3 0x000000d4             s3 <= f9a1b9bb
    1004  1.3 0x000000d8             fp <= 3265dc8e
    1005  1.3 0x000000dc             fp <= 97d34baa
    1008  1.3 0x000000e0             fp <= 55c7ead9
    1009  1.3 0x000000e4             s3 <= ac665362
    1010  1.3 0x000000e8             s4 <= 0000038f
    1013  1.3 0x000000ec             s1 <= e3322217
    1014  1.3 0x000000f0             s2 <= 9a928d55
    1015  1.3 0x000000f4             s3 <= ac6650ed
    1016  1.3 0x000000f8             s4 <= 0000038f
    1019  1.3 0x000000fc             s1 <= e33225a6
    1020  1.3 0x00000100             s2 <= 656d763a
    1021  1.3 0x00000104             s3 <= ac665362
    1022  1.3 0x00000108             s5 <= 0000038f
    1023  1.3 0x0000010c             t0 <= 00000000
    1025  1.3 0x00000110             s1 <= e3322935
    1026  1.3 0x00000114             s2 <= 656d72ab
    1027  1.3 0x00000118             s3 <= ac6650ed
    1028  1.3 0x0000011c             s5 <= 0000038f
    1029  1.3 0x00000120             t0 <= 00000000
    1031  1.3 0x00000124             s1 <= e3322cc4
    1032  1.3 0x00000128             s2 <= 9a9290e4
    1033  1.3 0x0000012c             s3 <= ac665362
    1034  1.3 0x00000130             t1 <= 0000000a
    1035  1.3 0x00000134               
    1040  1.3 0x00000138             sp <= 00002ffc
    1041  1.3 0x0000013c               
    1046  1.3 0x00000010               
$finish called at time : 20941999 ps : File "E:/Xilinx/Vivado/New folder/prac2/src/sim/tb.v" Line 326
