#-----------------------------------------------------------
# Vivado v2018.3 (64-bit)
# SW Build 2405991 on Thu Dec  6 23:36:41 MST 2018
# IP Build 2404404 on Fri Dec  7 01:43:56 MST 2018
# Start of session at: Thu Oct 17 15:09:23 2019
# Process ID: 28028
# Current directory: /afs/inf.ed.ac.uk/user/s17/s1740055/CArD/prac1/proj
# Command line: vivado
# Log file: /afs/inf.ed.ac.uk/user/s17/s1740055/CArD/prac1/proj/vivado.log
# Journal file: /afs/inf.ed.ac.uk/user/s17/s1740055/CArD/prac1/proj/vivado.jou
#-----------------------------------------------------------
start_gui
source create_project.tcl
# set proj_name "CARD_P1"
# if {[info exists ::create_path]} {
# 	set dest_dir $::create_path
# } else {
# 	set dest_dir [file normalize [file dirname [info script]]]
# }
# puts "INFO: Creating new project in $dest_dir"
INFO: Creating new project in /afs/inf.ed.ac.uk/user/s17/s1740055/CArD/prac1/proj
# cd $dest_dir
# set part "xc7z020clg400-1"
# set brd_part "tul.com.tw:pynq-z2:part0:1.0"
# set origin_dir ".."
# set orig_proj_dir "[file normalize "$origin_dir/proj"]"
# set src_dir $origin_dir/src
# set repo_dir $origin_dir/repo
# set_param board.repoPaths "[file normalize "$repo_dir/board_files"]"
# create_project -force $proj_name $dest_dir
INFO: [IP_Flow 19-234] Refreshing IP repositories
INFO: [IP_Flow 19-1704] No user IP repositories specified
INFO: [IP_Flow 19-2313] Loaded Vivado IP repository '/disk/scratch/Xilinx/Vivado/2018.3/data/ip'.
create_project: Time (s): cpu = 00:00:17 ; elapsed = 00:00:15 . Memory (MB): peak = 6567.188 ; gain = 159.148 ; free physical = 5276 ; free virtual = 20897
# set proj_dir [get_property directory [current_project]]
# set obj [get_projects $proj_name]
# set_property "default_lib" "xil_defaultlib" $obj
# set_property "part" $part $obj
# set_property "board_part" "tul.com.tw:pynq-z2:part0:1.0" $obj
# set_property "simulator_language" "Mixed" $obj
# set_property "target_language" "Verilog" $obj
# if {[string equal [get_filesets -quiet sources_1] ""]} {
#   create_fileset -srcset sources_1
# }
# if {[string equal [get_filesets -quiet constrs_1] ""]} {
#   create_fileset -constrset constrs_1
# }
# if {[string equal [get_filesets -quiet sim_1] ""]} {
#   create_fileset -srcset sim_1
# }
# set obj [get_filesets sources_1]
# add_files -quiet $src_dir/inc
# set_property "FILE_TYPE" "Verilog Header" [get_files -of_objects $obj]
# update_ip_catalog -rebuild
INFO: [IP_Flow 19-234] Refreshing IP repositories
INFO: [IP_Flow 19-1704] No user IP repositories specified
# add_files -quiet $src_dir/hdl
# add_files -quiet [glob -nocomplain ../src/ip/*.xci]
# add_files -quiet [glob -nocomplain ../src/ip/*.xcix]
# add_files -quiet [glob -nocomplain ../src/ip/*/*.xci]
# add_files -quiet [glob -nocomplain ../src/ip/*/*.xcix]
# add_files -fileset constrs_1 -quiet $src_dir/constraints
# add_files -fileset sim_1 -quiet $src_dir/sim
# if {[string equal [get_runs -quiet synth_1] ""]} {
#   create_run -name synth_1 -part $part -flow {Vivado Synthesis 2018} -strategy "Vivado Synthesis Defaults" -constrset constrs_1
# } else {
#   set_property strategy "Vivado Synthesis Defaults" [get_runs synth_1]
#   set_property flow "Vivado Synthesis 2018" [get_runs synth_1]
# }
# set obj [get_runs synth_1]
# set_property "part" $part $obj
# set_property "steps.synth_design.args.flatten_hierarchy" "none" $obj
# set_property "steps.synth_design.args.directive" "RuntimeOptimized" $obj
# set_property "steps.synth_design.args.fsm_extraction" "off" $obj
# current_run -synthesis [get_runs synth_1]
# if {[string equal [get_runs -quiet impl_1] ""]} {
#   create_run -name impl_1 -part $part -flow {Vivado Implementation 2018} -strategy "Vivado Implementation Defaults" -constrset constrs_1 -parent_run synth_1
# } else {
#   set_property strategy "Vivado Implementation Defaults" [get_runs impl_1]
#   set_property flow "Vivado Implementation 2018" [get_runs impl_1]
# }
# set obj [get_runs impl_1]
# set_property "part" $part $obj
# set_property "steps.opt_design.args.directive"   "RuntimeOptimized" $obj
# set_property "steps.place_design.args.directive" "RuntimeOptimized" $obj
# set_property "steps.route_design.args.directive" "RuntimeOptimized" $obj
# current_run -implementation [get_runs impl_1]
# set_property -name {xsim.simulate.runtime} -value {100us} -objects [get_filesets sim_1]
# puts "INFO: Project created:$proj_name"
INFO: Project created:CARD_P1
update_compile_order -fileset sources_1
update_compile_order -fileset sim_1
update_compile_order -fileset sources_1
close_project
exit
INFO: [Common 17-206] Exiting Vivado at Thu Oct 17 15:14:29 2019...
